<?xml version="1.0" encoding="UTF-8"?>
<!-- Generated by org.testng.reporters.JUnitReportReporter -->
<testsuite skipped="0" hostname="O3020MO0" name="acial.selenium.exercices.TestB" tests="2" failures="0" timestamp="18 dÃ©c. 2019 16:09:35 GMT" time="0.018" errors="0">
  <testcase name="test_B_2" time="0.011" classname="acial.selenium.exercices.TestB"/>
  <testcase name="test_B_1" time="0.007" classname="acial.selenium.exercices.TestB"/>
</testsuite> <!-- acial.selenium.exercices.TestB -->
