<?xml version="1.0" encoding="UTF-8"?>
<!-- Generated by org.testng.reporters.JUnitReportReporter -->
<testsuite skipped="0" hostname="O3020MO0" name="acial.selenium.exercices.Exercice1" tests="1" failures="0" timestamp="17 dÃ©c. 2019 11:01:22 GMT" time="4.733" errors="0">
  <testcase name="testLogin" time="4.733" classname="acial.selenium.exercices.Exercice1"/>
</testsuite> <!-- acial.selenium.exercices.Exercice1 -->
