<?xml version="1.0" encoding="UTF-8"?>
<!-- Generated by org.testng.reporters.JUnitReportReporter -->
<testsuite skipped="0" hostname="O3020MO0" name="acial.selenium.exercices.TestB" tests="2" failures="0" timestamp="19 dÃ©c. 2019 09:36:28 GMT" time="0.005" errors="0">
  <testcase name="test_B_1" time="0.001" classname="acial.selenium.exercices.TestB"/>
  <testcase name="test_B_2" time="0.004" classname="acial.selenium.exercices.TestB"/>
</testsuite> <!-- acial.selenium.exercices.TestB -->
