<?xml version="1.0" encoding="UTF-8"?>
<!-- Generated by org.testng.reporters.JUnitReportReporter -->
<testsuite skipped="0" hostname="O3020MO0" name="acial.selenium.exercices.TestA" tests="2" failures="0" timestamp="19 dÃ©c. 2019 09:36:28 GMT" time="0.004" errors="0">
  <testcase name="test_A_2" time="0.001" classname="acial.selenium.exercices.TestA"/>
  <testcase name="test_A_1" time="0.003" classname="acial.selenium.exercices.TestA"/>
</testsuite> <!-- acial.selenium.exercices.TestA -->
